Using pre-set license
Built from '2021.3/staging' branch; Version is '2021.3.6f1 (7da38d85baf6) revision 8233869'; Using compiler version '192829333'; Build Type 'Release'
OS: 'Windows 11  (10.0.22621) 64bit Core' Language: 'fr' Physical Memory: 16169 MB
BatchMode: 1, IsHumanControllingUs: 0, StartBugReporterOnCrash: 0, Is64bit: 1, IsPro: 1

COMMAND LINE ARGUMENTS:
C:\Program Files\Unity\Hub\Editor\2021.3.6f1\Editor\Unity.exe
-adb2
-batchMode
-noUpm
-name
AssetImportWorker3
-projectPath
C:/Users/Lisa/Desktop/JeuxLancerObjets/PrototypeCoursUnity
-logFile
Logs/AssetImportWorker3.log
-srvPort
61223
Successfully changed project path to: C:/Users/Lisa/Desktop/JeuxLancerObjets/PrototypeCoursUnity
C:/Users/Lisa/Desktop/JeuxLancerObjets/PrototypeCoursUnity
[UnityMemory] Configuration Parameters - Can be set up in boot.config
    "memorysetup-bucket-allocator-granularity=16"
    "memorysetup-bucket-allocator-bucket-count=8"
    "memorysetup-bucket-allocator-block-size=33554432"
    "memorysetup-bucket-allocator-block-count=8"
    "memorysetup-main-allocator-block-size=16777216"
    "memorysetup-thread-allocator-block-size=16777216"
    "memorysetup-gfx-main-allocator-block-size=16777216"
    "memorysetup-gfx-thread-allocator-block-size=16777216"
    "memorysetup-cache-allocator-block-size=4194304"
    "memorysetup-typetree-allocator-block-size=2097152"
    "memorysetup-profiler-bucket-allocator-granularity=16"
    "memorysetup-profiler-bucket-allocator-bucket-count=8"
    "memorysetup-profiler-bucket-allocator-block-size=33554432"
    "memorysetup-profiler-bucket-allocator-block-count=8"
    "memorysetup-profiler-allocator-block-size=16777216"
    "memorysetup-profiler-editor-allocator-block-size=1048576"
    "memorysetup-temp-allocator-size-main=16777216"
    "memorysetup-job-temp-allocator-block-size=2097152"
    "memorysetup-job-temp-allocator-block-size-background=1048576"
    "memorysetup-job-temp-allocator-reduction-small-platforms=262144"
    "memorysetup-temp-allocator-size-background-worker=32768"
    "memorysetup-temp-allocator-size-job-worker=262144"
    "memorysetup-temp-allocator-size-preload-manager=33554432"
    "memorysetup-temp-allocator-size-nav-mesh-worker=65536"
    "memorysetup-temp-allocator-size-audio-worker=65536"
    "memorysetup-temp-allocator-size-cloud-worker=32768"
    "memorysetup-temp-allocator-size-gi-baking-worker=262144"
    "memorysetup-temp-allocator-size-gfx=262144"
Refreshing native plugins compatible for Editor in 116.09 ms, found 4 plugins.
Preloading 0 native plugins for Editor in 0.00 ms.
Initialize engine version: 2021.3.6f1 (7da38d85baf6)
[Subsystems] Discovering subsystems at path C:/Program Files/Unity/Hub/Editor/2021.3.6f1/Editor/Data/Resources/UnitySubsystems
[Subsystems] Discovering subsystems at path C:/Users/Lisa/Desktop/JeuxLancerObjets/PrototypeCoursUnity/Assets
GfxDevice: creating device client; threaded=0; jobified=0
Direct3D:
    Version:  Direct3D 11.0 [level 11.1]
    Renderer: NVIDIA GeForce RTX 2060 (ID=0x1f15)
    Vendor:   NVIDIA
    VRAM:     5980 MB
    Driver:   30.0.15.1278
Initialize mono
Mono path[0] = 'C:/Program Files/Unity/Hub/Editor/2021.3.6f1/Editor/Data/Managed'
Mono path[1] = 'C:/Program Files/Unity/Hub/Editor/2021.3.6f1/Editor/Data/MonoBleedingEdge/lib/mono/unityjit-win32'
Mono config path = 'C:/Program Files/Unity/Hub/Editor/2021.3.6f1/Editor/Data/MonoBleedingEdge/etc'
Using monoOptions --debugger-agent=transport=dt_socket,embedding=1,server=y,suspend=n,address=127.0.0.1:56432
Begin MonoManager ReloadAssembly
Registering precompiled unity dll's ...
Register platform support module: C:/Program Files/Unity/Hub/Editor/2021.3.6f1/Editor/Data/PlaybackEngines/WindowsStandaloneSupport/UnityEditor.WindowsStandalone.Extensions.dll
Registered in 0.005948 seconds.
Native extension for WindowsStandalone target not found
Refreshing native plugins compatible for Editor in 110.07 ms, found 4 plugins.
Preloading 0 native plugins for Editor in 0.00 ms.
Mono: successfully reloaded assembly
- Completed reload, in  0.818 seconds
Domain Reload Profiling:
	ReloadAssembly (819ms)
		BeginReloadAssembly (92ms)
			ExecutionOrderSort (0ms)
			DisableScriptedObjects (0ms)
			BackupInstance (0ms)
			ReleaseScriptingObjects (0ms)
			CreateAndSetChildDomain (1ms)
		EndReloadAssembly (578ms)
			LoadAssemblies (89ms)
			RebuildTransferFunctionScriptingTraits (0ms)
			SetupTypeCache (127ms)
			ReleaseScriptCaches (0ms)
			RebuildScriptCaches (42ms)
			SetupLoadedEditorAssemblies (348ms)
				LogAssemblyErrors (0ms)
				InitializePlatformSupportModulesInManaged (10ms)
				SetLoadedEditorAssemblies (0ms)
				RefreshPlugins (110ms)
				BeforeProcessingInitializeOnLoad (2ms)
				ProcessInitializeOnLoadAttributes (170ms)
				ProcessInitializeOnLoadMethodAttributes (56ms)
				AfterProcessingInitializeOnLoad (0ms)
				EditorAssembliesLoaded (0ms)
			ExecutionOrderSort2 (0ms)
			AwakeInstancesAfterBackupRestoration (0ms)
Platform modules already initialized, skipping
Registering precompiled user dll's ...
Registered in 0.007165 seconds.
Begin MonoManager ReloadAssembly
Symbol file LoadedFromMemory doesn't match image C:\Users\Lisa\Desktop\JeuxLancerObjets\PrototypeCoursUnity\Library\PackageCache\com.unity.visualscripting@1.7.8\Editor\VisualScripting.Core\Dependencies\YamlDotNet\Unity.VisualScripting.YamlDotNet.dll
Symbol file LoadedFromMemory doesn't match image C:\Users\Lisa\Desktop\JeuxLancerObjets\PrototypeCoursUnity\Library\PackageCache\com.unity.visualscripting@1.7.8\Editor\VisualScripting.Core\Dependencies\DotNetZip\Unity.VisualScripting.IonicZip.dll
Native extension for WindowsStandalone target not found
Refreshing native plugins compatible for Editor in 0.74 ms, found 4 plugins.
Preloading 0 native plugins for Editor in 0.00 ms.
Mono: successfully reloaded assembly
- Completed reload, in  1.406 seconds
Domain Reload Profiling:
	ReloadAssembly (1407ms)
		BeginReloadAssembly (127ms)
			ExecutionOrderSort (0ms)
			DisableScriptedObjects (7ms)
			BackupInstance (0ms)
			ReleaseScriptingObjects (0ms)
			CreateAndSetChildDomain (20ms)
		EndReloadAssembly (1142ms)
			LoadAssemblies (94ms)
			RebuildTransferFunctionScriptingTraits (0ms)
			SetupTypeCache (399ms)
			ReleaseScriptCaches (1ms)
			RebuildScriptCaches (82ms)
			SetupLoadedEditorAssemblies (503ms)
				LogAssemblyErrors (0ms)
				InitializePlatformSupportModulesInManaged (6ms)
				SetLoadedEditorAssemblies (1ms)
				RefreshPlugins (1ms)
				BeforeProcessingInitializeOnLoad (111ms)
				ProcessInitializeOnLoadAttributes (340ms)
				ProcessInitializeOnLoadMethodAttributes (36ms)
				AfterProcessingInitializeOnLoad (8ms)
				EditorAssembliesLoaded (0ms)
			ExecutionOrderSort2 (0ms)
			AwakeInstancesAfterBackupRestoration (7ms)
Platform modules already initialized, skipping
========================================================================
Worker process is ready to serve import requests
Launched and connected shader compiler UnityShaderCompiler.exe after 0.07 seconds
Refreshing native plugins compatible for Editor in 0.70 ms, found 4 plugins.
Preloading 0 native plugins for Editor in 0.00 ms.
Unloading 3821 Unused Serialized files (Serialized files now loaded: 0)
Unloading 42 unused Assets / (1.3 MB). Loaded Objects now: 4274.
Memory consumption went from 144.5 MB to 143.2 MB.
Total: 4.865400 ms (FindLiveObjects: 0.313900 ms CreateObjectMapping: 0.291500 ms MarkObjects: 3.992700 ms  DeleteObjects: 0.266000 ms)

AssetImportParameters requested are different than current active one (requested -> active):
  custom:video-decoder-ogg-theora: a1e56fd34408186e4bbccfd4996cb3dc -> 
  custom:container-muxer-webm: aa71ff27fc2769a1b78a27578f13a17b -> 
  custom:container-demuxer-webm: 4f35f7cbe854078d1ac9338744f61a02 -> 
  custom:video-encoder-webm-vp8: eb34c28f22e8b96e1ab97ce403110664 -> 
  custom:video-codec-MediaFoundation-h265: 746d11721c4dcdbdad8f713fa42b33f4 -> 
  custom:audio-encoder-webm-vorbis: bf7c407c2cedff20999df2af8eb42d56 -> 
  custom:framework-win-MediaFoundation: 216162199b28c13a410421893ffa2e32 -> 
  custom:container-demuxer-ogg: 62fdf1f143b41e24485cea50d1cbac27 -> 
  custom:video-decoder-webm-vp8: 9c59270c3fd7afecdb556c50c9e8de78 -> 
  custom:audio-decoder-ogg-vorbis: bf7c407c2cedff20999df2af8eb42d56 -> 
========================================================================
Received Import Request.
  Time since last request: 29984.491309 seconds.
  path: Assets/Sci-Fi Texture Pack 1/Materials/Glass.mat
  artifactKey: Guid(f7410068f51140743908c8182754dda3) Importer(815301076,1909f56bfc062723c751e8b465ee728b)
Start importing Assets/Sci-Fi Texture Pack 1/Materials/Glass.mat using Guid(f7410068f51140743908c8182754dda3) Importer(815301076,1909f56bfc062723c751e8b465ee728b)  -> (artifact id: '0035300e1073cfb6240462e4385c4e91') in 0.149573 seconds 
========================================================================
Received Import Request.
  Time since last request: 23.544476 seconds.
  path: Assets/Plane/Plane.mat
  artifactKey: Guid(f308e614c19786344a7dbca134e3587a) Importer(815301076,1909f56bfc062723c751e8b465ee728b)
Start importing Assets/Plane/Plane.mat using Guid(f308e614c19786344a7dbca134e3587a) Importer(815301076,1909f56bfc062723c751e8b465ee728b)  -> (artifact id: 'fca60987f43231aee9f7bb240e74bcc4') in 0.024860 seconds 
========================================================================
Received Import Request.
  Time since last request: 0.000034 seconds.
  path: Assets/Plane/Plane.png
  artifactKey: Guid(98a7c575374dddc4f81d4b36b38ba3fd) Importer(815301076,1909f56bfc062723c751e8b465ee728b)
Start importing Assets/Plane/Plane.png using Guid(98a7c575374dddc4f81d4b36b38ba3fd) Importer(815301076,1909f56bfc062723c751e8b465ee728b)  -> (artifact id: '80f2d04b5167f08b2065429607911564') in 0.064769 seconds 
========================================================================
Received Import Request.
  Time since last request: 0.858064 seconds.
  path: Assets/Prefab/HearingRobot Variant.prefab
  artifactKey: Guid(2cd9cf11e85234c48b7a2ded91dbd9db) Importer(815301076,1909f56bfc062723c751e8b465ee728b)
Start importing Assets/Prefab/HearingRobot Variant.prefab using Guid(2cd9cf11e85234c48b7a2ded91dbd9db) Importer(815301076,1909f56bfc062723c751e8b465ee728b)  -> (artifact id: 'f068e3795b59e1e0003ce75ddeb6bea5') in 0.083082 seconds 
========================================================================
Received Import Request.
  Time since last request: 0.000024 seconds.
  path: Assets/Prefab/Robo2 Variant.prefab
  artifactKey: Guid(26fa12f7c012ea543a02d6fbe3fcbdfa) Importer(815301076,1909f56bfc062723c751e8b465ee728b)
Start importing Assets/Prefab/Robo2 Variant.prefab using Guid(26fa12f7c012ea543a02d6fbe3fcbdfa) Importer(815301076,1909f56bfc062723c751e8b465ee728b)  -> (artifact id: '6aed326cda935a27c4802f61fb823ea1') in 0.044697 seconds 
========================================================================
Received Import Request.
  Time since last request: 3.131972 seconds.
  path: Assets/Animation/Jammo/Jammo_LowPoly@Crouch Idle 01.fbx
  artifactKey: Guid(2e31f3edf10d3ac44ad8cf4f7f79d44b) Importer(815301076,1909f56bfc062723c751e8b465ee728b)
Start importing Assets/Animation/Jammo/Jammo_LowPoly@Crouch Idle 01.fbx using Guid(2e31f3edf10d3ac44ad8cf4f7f79d44b) Importer(815301076,1909f56bfc062723c751e8b465ee728b)  -> (artifact id: '73bb46a4cd3811b895e3f7b695ab4aa5') in 0.053104 seconds 
========================================================================
Received Import Request.
  Time since last request: 0.000034 seconds.
  path: Assets/ROBOT/Prefabs/Robo1 Power Off pose.prefab
  artifactKey: Guid(8b0ffa3c8189c3b4aa675ca7d2bcaf16) Importer(815301076,1909f56bfc062723c751e8b465ee728b)
Start importing Assets/ROBOT/Prefabs/Robo1 Power Off pose.prefab using Guid(8b0ffa3c8189c3b4aa675ca7d2bcaf16) Importer(815301076,1909f56bfc062723c751e8b465ee728b)  -> (artifact id: '68313995793dae548d94136a679ceb13') in 0.038790 seconds 
========================================================================
Received Import Request.
  Time since last request: 0.000033 seconds.
  path: Assets/ROBOT/Robo1/Models/Robo1 Power off pose .fbx
  artifactKey: Guid(102642346b3ce994ebdf38ae963d9511) Importer(815301076,1909f56bfc062723c751e8b465ee728b)
Start importing Assets/ROBOT/Robo1/Models/Robo1 Power off pose .fbx using Guid(102642346b3ce994ebdf38ae963d9511) Importer(815301076,1909f56bfc062723c751e8b465ee728b)  -> (artifact id: '5b989cbda210ce9d95c9fb42022fd3b8') in 0.146055 seconds 
========================================================================
Received Import Request.
  Time since last request: 0.000029 seconds.
  path: Assets/Animation/Jammo/Jammo_LowPoly@Jump.fbx
  artifactKey: Guid(2ed0cbf4b4c4a65429cfd75685f610a0) Importer(815301076,1909f56bfc062723c751e8b465ee728b)
Start importing Assets/Animation/Jammo/Jammo_LowPoly@Jump.fbx using Guid(2ed0cbf4b4c4a65429cfd75685f610a0) Importer(815301076,1909f56bfc062723c751e8b465ee728b)  -> (artifact id: '5ff9da89c2797711c7ae5a4dfcb5a9ed') in 0.016674 seconds 
========================================================================
Received Import Request.
  Time since last request: 0.000037 seconds.
  path: Assets/Animation/Jammo/Jammo_LowPoly@Walking.fbx
  artifactKey: Guid(63c8c45938072f547ab0c0b56e65d768) Importer(815301076,1909f56bfc062723c751e8b465ee728b)
Start importing Assets/Animation/Jammo/Jammo_LowPoly@Walking.fbx using Guid(63c8c45938072f547ab0c0b56e65d768) Importer(815301076,1909f56bfc062723c751e8b465ee728b)  -> (artifact id: '4667935338a31ce4040eee349d74288c') in 0.017748 seconds 
========================================================================
Received Import Request.
  Time since last request: 0.000033 seconds.
  path: Assets/ROBOT/Robo1/Animations/Robo1 power off.fbx
  artifactKey: Guid(df38bc131912516498d49fa884c7ebb5) Importer(815301076,1909f56bfc062723c751e8b465ee728b)
Start importing Assets/ROBOT/Robo1/Animations/Robo1 power off.fbx using Guid(df38bc131912516498d49fa884c7ebb5) Importer(815301076,1909f56bfc062723c751e8b465ee728b)  -> (artifact id: '6fa7adaef34bd9113cf2763e49f6bdc6') in 0.017198 seconds 
========================================================================
Received Import Request.
  Time since last request: 0.000027 seconds.
  path: Assets/Animation/Jammo/Jammo_LowPoly@Walking Backwards.fbx
  artifactKey: Guid(f2b73214434f32e4db3887570dcfc1c2) Importer(815301076,1909f56bfc062723c751e8b465ee728b)
Start importing Assets/Animation/Jammo/Jammo_LowPoly@Walking Backwards.fbx using Guid(f2b73214434f32e4db3887570dcfc1c2) Importer(815301076,1909f56bfc062723c751e8b465ee728b)  -> (artifact id: 'c88d730f24962afe512c4d01cf841366') in 0.018194 seconds 
========================================================================
Received Import Request.
  Time since last request: 0.000026 seconds.
  path: Assets/Animation/Jammo/Jammo_LowPoly@Crouched Walking.fbx
  artifactKey: Guid(12c6d0aefca56c14db64bf6d8ec39bc5) Importer(815301076,1909f56bfc062723c751e8b465ee728b)
Start importing Assets/Animation/Jammo/Jammo_LowPoly@Crouched Walking.fbx using Guid(12c6d0aefca56c14db64bf6d8ec39bc5) Importer(815301076,1909f56bfc062723c751e8b465ee728b)  -> (artifact id: 'f0eb1428322e4777786e54efeb0ef2ae') in 0.015163 seconds 
========================================================================
Received Import Request.
  Time since last request: 0.000027 seconds.
  path: Assets/Animation/Jammo/Jammo_LowPoly@Idle.fbx
  artifactKey: Guid(0a1c795da50a54d40a65440fc4e84db5) Importer(815301076,1909f56bfc062723c751e8b465ee728b)
Start importing Assets/Animation/Jammo/Jammo_LowPoly@Idle.fbx using Guid(0a1c795da50a54d40a65440fc4e84db5) Importer(815301076,1909f56bfc062723c751e8b465ee728b)  -> (artifact id: '3dce55425ab1c31de4ad077fa3a61e0b') in 0.016448 seconds 
========================================================================
Received Import Request.
  Time since last request: 0.000040 seconds.
  path: Assets/Animation/Jammo/Jammo_LowPoly@Running.fbx
  artifactKey: Guid(13767d0150f0a244499f601832e9d0fc) Importer(815301076,1909f56bfc062723c751e8b465ee728b)
Start importing Assets/Animation/Jammo/Jammo_LowPoly@Running.fbx using Guid(13767d0150f0a244499f601832e9d0fc) Importer(815301076,1909f56bfc062723c751e8b465ee728b)  -> (artifact id: '547ac2ec5b5d1cd804c79262bd676b6d') in 0.016647 seconds 
========================================================================
Received Import Request.
  Time since last request: 0.000135 seconds.
  path: Assets/Prefab/map/Porte.prefab
  artifactKey: Guid(79e6586aebe48684fa1f32f239085fe7) Importer(815301076,1909f56bfc062723c751e8b465ee728b)
Start importing Assets/Prefab/map/Porte.prefab using Guid(79e6586aebe48684fa1f32f239085fe7) Importer(815301076,1909f56bfc062723c751e8b465ee728b)  -> (artifact id: 'bb77d08784e0a2f466d97e899a750527') in 0.019740 seconds 
========================================================================
Received Prepare
Registering precompiled user dll's ...
Registered in 0.010636 seconds.
Begin MonoManager ReloadAssembly
Symbol file LoadedFromMemory doesn't match image C:\Users\Lisa\Desktop\JeuxLancerObjets\PrototypeCoursUnity\Library\PackageCache\com.unity.visualscripting@1.7.8\Editor\VisualScripting.Core\Dependencies\YamlDotNet\Unity.VisualScripting.YamlDotNet.dll
Symbol file LoadedFromMemory doesn't match image C:\Users\Lisa\Desktop\JeuxLancerObjets\PrototypeCoursUnity\Library\PackageCache\com.unity.visualscripting@1.7.8\Editor\VisualScripting.Core\Dependencies\DotNetZip\Unity.VisualScripting.IonicZip.dll
Native extension for WindowsStandalone target not found
Refreshing native plugins compatible for Editor in 1.56 ms, found 4 plugins.
Preloading 0 native plugins for Editor in 0.00 ms.
Mono: successfully reloaded assembly
- Completed reload, in  1.589 seconds
Domain Reload Profiling:
	ReloadAssembly (1590ms)
		BeginReloadAssembly (173ms)
			ExecutionOrderSort (0ms)
			DisableScriptedObjects (5ms)
			BackupInstance (0ms)
			ReleaseScriptingObjects (0ms)
			CreateAndSetChildDomain (47ms)
		EndReloadAssembly (1286ms)
			LoadAssemblies (109ms)
			RebuildTransferFunctionScriptingTraits (0ms)
			SetupTypeCache (411ms)
			ReleaseScriptCaches (2ms)
			RebuildScriptCaches (83ms)
			SetupLoadedEditorAssemblies (598ms)
				LogAssemblyErrors (0ms)
				InitializePlatformSupportModulesInManaged (21ms)
				SetLoadedEditorAssemblies (1ms)
				RefreshPlugins (2ms)
				BeforeProcessingInitializeOnLoad (115ms)
				ProcessInitializeOnLoadAttributes (396ms)
				ProcessInitializeOnLoadMethodAttributes (52ms)
				AfterProcessingInitializeOnLoad (11ms)
				EditorAssembliesLoaded (0ms)
			ExecutionOrderSort2 (0ms)
			AwakeInstancesAfterBackupRestoration (10ms)
Platform modules already initialized, skipping
Refreshing native plugins compatible for Editor in 5.61 ms, found 4 plugins.
Preloading 0 native plugins for Editor in 0.00 ms.
Unloading 3768 Unused Serialized files (Serialized files now loaded: 0)
Unloading 35 unused Assets / (1.3 MB). Loaded Objects now: 4324.
Memory consumption went from 157.5 MB to 156.2 MB.
Total: 5.892300 ms (FindLiveObjects: 0.442200 ms CreateObjectMapping: 0.360100 ms MarkObjects: 4.718900 ms  DeleteObjects: 0.369600 ms)

AssetImportParameters requested are different than current active one (requested -> active):
  custom:video-decoder-ogg-theora: a1e56fd34408186e4bbccfd4996cb3dc -> 
  custom:container-muxer-webm: aa71ff27fc2769a1b78a27578f13a17b -> 
  custom:container-demuxer-webm: 4f35f7cbe854078d1ac9338744f61a02 -> 
  custom:video-encoder-webm-vp8: eb34c28f22e8b96e1ab97ce403110664 -> 
  custom:video-codec-MediaFoundation-h265: 746d11721c4dcdbdad8f713fa42b33f4 -> 
  custom:audio-encoder-webm-vorbis: bf7c407c2cedff20999df2af8eb42d56 -> 
  custom:framework-win-MediaFoundation: 216162199b28c13a410421893ffa2e32 -> 
  custom:container-demuxer-ogg: 62fdf1f143b41e24485cea50d1cbac27 -> 
  custom:video-decoder-webm-vp8: 9c59270c3fd7afecdb556c50c9e8de78 -> 
  custom:audio-decoder-ogg-vorbis: bf7c407c2cedff20999df2af8eb42d56 -> 
