Using pre-set license
Built from '2021.3/staging' branch; Version is '2021.3.6f1 (7da38d85baf6) revision 8233869'; Using compiler version '192829333'; Build Type 'Release'
OS: 'Windows 11  (10.0.22621) 64bit Core' Language: 'fr' Physical Memory: 16169 MB
BatchMode: 1, IsHumanControllingUs: 0, StartBugReporterOnCrash: 0, Is64bit: 1, IsPro: 1

COMMAND LINE ARGUMENTS:
C:\Program Files\Unity\Hub\Editor\2021.3.6f1\Editor\Unity.exe
-adb2
-batchMode
-noUpm
-name
AssetImportWorker0
-projectPath
C:/Users/Lisa/Desktop/JeuxLancerObjets/PrototypeCoursUnity
-logFile
Logs/AssetImportWorker0.log
-srvPort
61223
Successfully changed project path to: C:/Users/Lisa/Desktop/JeuxLancerObjets/PrototypeCoursUnity
C:/Users/Lisa/Desktop/JeuxLancerObjets/PrototypeCoursUnity
[UnityMemory] Configuration Parameters - Can be set up in boot.config
    "memorysetup-bucket-allocator-granularity=16"
    "memorysetup-bucket-allocator-bucket-count=8"
    "memorysetup-bucket-allocator-block-size=33554432"
    "memorysetup-bucket-allocator-block-count=8"
    "memorysetup-main-allocator-block-size=16777216"
    "memorysetup-thread-allocator-block-size=16777216"
    "memorysetup-gfx-main-allocator-block-size=16777216"
    "memorysetup-gfx-thread-allocator-block-size=16777216"
    "memorysetup-cache-allocator-block-size=4194304"
    "memorysetup-typetree-allocator-block-size=2097152"
    "memorysetup-profiler-bucket-allocator-granularity=16"
    "memorysetup-profiler-bucket-allocator-bucket-count=8"
    "memorysetup-profiler-bucket-allocator-block-size=33554432"
    "memorysetup-profiler-bucket-allocator-block-count=8"
    "memorysetup-profiler-allocator-block-size=16777216"
    "memorysetup-profiler-editor-allocator-block-size=1048576"
    "memorysetup-temp-allocator-size-main=16777216"
    "memorysetup-job-temp-allocator-block-size=2097152"
    "memorysetup-job-temp-allocator-block-size-background=1048576"
    "memorysetup-job-temp-allocator-reduction-small-platforms=262144"
    "memorysetup-temp-allocator-size-background-worker=32768"
    "memorysetup-temp-allocator-size-job-worker=262144"
    "memorysetup-temp-allocator-size-preload-manager=33554432"
    "memorysetup-temp-allocator-size-nav-mesh-worker=65536"
    "memorysetup-temp-allocator-size-audio-worker=65536"
    "memorysetup-temp-allocator-size-cloud-worker=32768"
    "memorysetup-temp-allocator-size-gi-baking-worker=262144"
    "memorysetup-temp-allocator-size-gfx=262144"
Refreshing native plugins compatible for Editor in 171.43 ms, found 4 plugins.
Preloading 0 native plugins for Editor in 0.00 ms.
Initialize engine version: 2021.3.6f1 (7da38d85baf6)
[Subsystems] Discovering subsystems at path C:/Program Files/Unity/Hub/Editor/2021.3.6f1/Editor/Data/Resources/UnitySubsystems
[Subsystems] Discovering subsystems at path C:/Users/Lisa/Desktop/JeuxLancerObjets/PrototypeCoursUnity/Assets
GfxDevice: creating device client; threaded=0; jobified=0
Direct3D:
    Version:  Direct3D 11.0 [level 11.1]
    Renderer: NVIDIA GeForce RTX 2060 (ID=0x1f15)
    Vendor:   NVIDIA
    VRAM:     5980 MB
    Driver:   30.0.15.1278
Initialize mono
Mono path[0] = 'C:/Program Files/Unity/Hub/Editor/2021.3.6f1/Editor/Data/Managed'
Mono path[1] = 'C:/Program Files/Unity/Hub/Editor/2021.3.6f1/Editor/Data/MonoBleedingEdge/lib/mono/unityjit-win32'
Mono config path = 'C:/Program Files/Unity/Hub/Editor/2021.3.6f1/Editor/Data/MonoBleedingEdge/etc'
Using monoOptions --debugger-agent=transport=dt_socket,embedding=1,server=y,suspend=n,address=127.0.0.1:56144
Begin MonoManager ReloadAssembly
Registering precompiled unity dll's ...
Register platform support module: C:/Program Files/Unity/Hub/Editor/2021.3.6f1/Editor/Data/PlaybackEngines/WindowsStandaloneSupport/UnityEditor.WindowsStandalone.Extensions.dll
Registered in 0.005794 seconds.
Native extension for WindowsStandalone target not found
Refreshing native plugins compatible for Editor in 111.84 ms, found 4 plugins.
Preloading 0 native plugins for Editor in 0.00 ms.
Mono: successfully reloaded assembly
- Completed reload, in  0.868 seconds
Domain Reload Profiling:
	ReloadAssembly (868ms)
		BeginReloadAssembly (121ms)
			ExecutionOrderSort (0ms)
			DisableScriptedObjects (0ms)
			BackupInstance (0ms)
			ReleaseScriptingObjects (0ms)
			CreateAndSetChildDomain (1ms)
		EndReloadAssembly (596ms)
			LoadAssemblies (117ms)
			RebuildTransferFunctionScriptingTraits (0ms)
			SetupTypeCache (136ms)
			ReleaseScriptCaches (0ms)
			RebuildScriptCaches (37ms)
			SetupLoadedEditorAssemblies (360ms)
				LogAssemblyErrors (0ms)
				InitializePlatformSupportModulesInManaged (9ms)
				SetLoadedEditorAssemblies (0ms)
				RefreshPlugins (112ms)
				BeforeProcessingInitializeOnLoad (2ms)
				ProcessInitializeOnLoadAttributes (179ms)
				ProcessInitializeOnLoadMethodAttributes (59ms)
				AfterProcessingInitializeOnLoad (0ms)
				EditorAssembliesLoaded (0ms)
			ExecutionOrderSort2 (0ms)
			AwakeInstancesAfterBackupRestoration (0ms)
Platform modules already initialized, skipping
Registering precompiled user dll's ...
Registered in 0.007448 seconds.
Begin MonoManager ReloadAssembly
Symbol file LoadedFromMemory doesn't match image C:\Users\Lisa\Desktop\JeuxLancerObjets\PrototypeCoursUnity\Library\PackageCache\com.unity.visualscripting@1.7.8\Editor\VisualScripting.Core\Dependencies\YamlDotNet\Unity.VisualScripting.YamlDotNet.dll
Symbol file LoadedFromMemory doesn't match image C:\Users\Lisa\Desktop\JeuxLancerObjets\PrototypeCoursUnity\Library\PackageCache\com.unity.visualscripting@1.7.8\Editor\VisualScripting.Core\Dependencies\DotNetZip\Unity.VisualScripting.IonicZip.dll
Native extension for WindowsStandalone target not found
Refreshing native plugins compatible for Editor in 0.76 ms, found 4 plugins.
Preloading 0 native plugins for Editor in 0.00 ms.
Mono: successfully reloaded assembly
- Completed reload, in  1.518 seconds
Domain Reload Profiling:
	ReloadAssembly (1520ms)
		BeginReloadAssembly (172ms)
			ExecutionOrderSort (0ms)
			DisableScriptedObjects (8ms)
			BackupInstance (0ms)
			ReleaseScriptingObjects (0ms)
			CreateAndSetChildDomain (35ms)
		EndReloadAssembly (1134ms)
			LoadAssemblies (127ms)
			RebuildTransferFunctionScriptingTraits (0ms)
			SetupTypeCache (358ms)
			ReleaseScriptCaches (1ms)
			RebuildScriptCaches (76ms)
			SetupLoadedEditorAssemblies (530ms)
				LogAssemblyErrors (0ms)
				InitializePlatformSupportModulesInManaged (6ms)
				SetLoadedEditorAssemblies (1ms)
				RefreshPlugins (1ms)
				BeforeProcessingInitializeOnLoad (121ms)
				ProcessInitializeOnLoadAttributes (360ms)
				ProcessInitializeOnLoadMethodAttributes (34ms)
				AfterProcessingInitializeOnLoad (8ms)
				EditorAssembliesLoaded (0ms)
			ExecutionOrderSort2 (0ms)
			AwakeInstancesAfterBackupRestoration (7ms)
Platform modules already initialized, skipping
========================================================================
Worker process is ready to serve import requests
Launched and connected shader compiler UnityShaderCompiler.exe after 0.06 seconds
Refreshing native plugins compatible for Editor in 1.39 ms, found 4 plugins.
Preloading 0 native plugins for Editor in 0.00 ms.
Unloading 3821 Unused Serialized files (Serialized files now loaded: 0)
Unloading 42 unused Assets / (1.3 MB). Loaded Objects now: 4274.
Memory consumption went from 144.7 MB to 143.3 MB.
Total: 5.839000 ms (FindLiveObjects: 0.491900 ms CreateObjectMapping: 0.468400 ms MarkObjects: 4.485300 ms  DeleteObjects: 0.391300 ms)

AssetImportParameters requested are different than current active one (requested -> active):
  custom:video-decoder-ogg-theora: a1e56fd34408186e4bbccfd4996cb3dc -> 
  custom:container-muxer-webm: aa71ff27fc2769a1b78a27578f13a17b -> 
  custom:container-demuxer-webm: 4f35f7cbe854078d1ac9338744f61a02 -> 
  custom:video-encoder-webm-vp8: eb34c28f22e8b96e1ab97ce403110664 -> 
  custom:video-codec-MediaFoundation-h265: 746d11721c4dcdbdad8f713fa42b33f4 -> 
  custom:audio-encoder-webm-vorbis: bf7c407c2cedff20999df2af8eb42d56 -> 
  custom:framework-win-MediaFoundation: 216162199b28c13a410421893ffa2e32 -> 
  custom:container-demuxer-ogg: 62fdf1f143b41e24485cea50d1cbac27 -> 
  custom:video-decoder-webm-vp8: 9c59270c3fd7afecdb556c50c9e8de78 -> 
  custom:audio-decoder-ogg-vorbis: bf7c407c2cedff20999df2af8eb42d56 -> 
========================================================================
Received Import Request.
  Time since last request: 29791.376678 seconds.
  path: Assets/V-Light Spot 0-shadowmap-13-11-03.asset
  artifactKey: Guid(22dd1c6c05e90e843998b8fafd49a13c) Importer(815301076,1909f56bfc062723c751e8b465ee728b)
Start importing Assets/V-Light Spot 0-shadowmap-13-11-03.asset using Guid(22dd1c6c05e90e843998b8fafd49a13c) Importer(815301076,1909f56bfc062723c751e8b465ee728b)  -> (artifact id: '0649c8a5cd8f3c8505b3ae7f1f4516fb') in 0.137086 seconds 
========================================================================
Received Prepare
Registering precompiled user dll's ...
Registered in 0.008011 seconds.
Begin MonoManager ReloadAssembly
Symbol file LoadedFromMemory doesn't match image C:\Users\Lisa\Desktop\JeuxLancerObjets\PrototypeCoursUnity\Library\PackageCache\com.unity.visualscripting@1.7.8\Editor\VisualScripting.Core\Dependencies\YamlDotNet\Unity.VisualScripting.YamlDotNet.dll
Symbol file LoadedFromMemory doesn't match image C:\Users\Lisa\Desktop\JeuxLancerObjets\PrototypeCoursUnity\Library\PackageCache\com.unity.visualscripting@1.7.8\Editor\VisualScripting.Core\Dependencies\DotNetZip\Unity.VisualScripting.IonicZip.dll
Native extension for WindowsStandalone target not found
Refreshing native plugins compatible for Editor in 1.11 ms, found 4 plugins.
Preloading 0 native plugins for Editor in 0.00 ms.
Mono: successfully reloaded assembly
- Completed reload, in  1.748 seconds
Domain Reload Profiling:
	ReloadAssembly (1749ms)
		BeginReloadAssembly (203ms)
			ExecutionOrderSort (0ms)
			DisableScriptedObjects (9ms)
			BackupInstance (0ms)
			ReleaseScriptingObjects (0ms)
			CreateAndSetChildDomain (58ms)
		EndReloadAssembly (1410ms)
			LoadAssemblies (124ms)
			RebuildTransferFunctionScriptingTraits (0ms)
			SetupTypeCache (445ms)
			ReleaseScriptCaches (2ms)
			RebuildScriptCaches (91ms)
			SetupLoadedEditorAssemblies (665ms)
				LogAssemblyErrors (0ms)
				InitializePlatformSupportModulesInManaged (18ms)
				SetLoadedEditorAssemblies (1ms)
				RefreshPlugins (1ms)
				BeforeProcessingInitializeOnLoad (111ms)
				ProcessInitializeOnLoadAttributes (464ms)
				ProcessInitializeOnLoadMethodAttributes (53ms)
				AfterProcessingInitializeOnLoad (16ms)
				EditorAssembliesLoaded (0ms)
			ExecutionOrderSort2 (0ms)
			AwakeInstancesAfterBackupRestoration (11ms)
Platform modules already initialized, skipping
Refreshing native plugins compatible for Editor in 8.49 ms, found 4 plugins.
Preloading 0 native plugins for Editor in 0.00 ms.
Unloading 3768 Unused Serialized files (Serialized files now loaded: 0)
Unloading 35 unused Assets / (1.3 MB). Loaded Objects now: 4279.
Memory consumption went from 140.2 MB to 138.9 MB.
Total: 5.288000 ms (FindLiveObjects: 0.396600 ms CreateObjectMapping: 0.600400 ms MarkObjects: 3.971000 ms  DeleteObjects: 0.318400 ms)

AssetImportParameters requested are different than current active one (requested -> active):
  custom:video-decoder-ogg-theora: a1e56fd34408186e4bbccfd4996cb3dc -> 
  custom:container-muxer-webm: aa71ff27fc2769a1b78a27578f13a17b -> 
  custom:container-demuxer-webm: 4f35f7cbe854078d1ac9338744f61a02 -> 
  custom:video-encoder-webm-vp8: eb34c28f22e8b96e1ab97ce403110664 -> 
  custom:video-codec-MediaFoundation-h265: 746d11721c4dcdbdad8f713fa42b33f4 -> 
  custom:audio-encoder-webm-vorbis: bf7c407c2cedff20999df2af8eb42d56 -> 
  custom:framework-win-MediaFoundation: 216162199b28c13a410421893ffa2e32 -> 
  custom:container-demuxer-ogg: 62fdf1f143b41e24485cea50d1cbac27 -> 
  custom:video-decoder-webm-vp8: 9c59270c3fd7afecdb556c50c9e8de78 -> 
  custom:audio-decoder-ogg-vorbis: bf7c407c2cedff20999df2af8eb42d56 -> 
========================================================================
Received Import Request.
  Time since last request: 33.563007 seconds.
  path: Assets/Sci-Fi Texture Pack 1/Textures
  artifactKey: Guid(862555a998276a74cba3393e554addfe) Importer(815301076,1909f56bfc062723c751e8b465ee728b)
Start importing Assets/Sci-Fi Texture Pack 1/Textures using Guid(862555a998276a74cba3393e554addfe) Importer(815301076,1909f56bfc062723c751e8b465ee728b)  -> (artifact id: '49fa27ce89e7c5421964fdab280514c9') in 0.011389 seconds 
========================================================================
Received Import Request.
  Time since last request: 0.048816 seconds.
  path: Assets/Sci-Fi Texture Pack 1/Textures/door.jpg
  artifactKey: Guid(2cec379dade44a14eaeacc33f2213513) Importer(815301076,1909f56bfc062723c751e8b465ee728b)
Start importing Assets/Sci-Fi Texture Pack 1/Textures/door.jpg using Guid(2cec379dade44a14eaeacc33f2213513) Importer(815301076,1909f56bfc062723c751e8b465ee728b)  -> (artifact id: 'fd3d6bc7a012e62b35cb3ea0407022c2') in 0.119294 seconds 
========================================================================
Received Import Request.
  Time since last request: 0.000022 seconds.
  path: Assets/Sci-Fi Texture Pack 1/Textures/Texture_4_Specular.png
  artifactKey: Guid(886e5b1083649c745af6ae03101ed9aa) Importer(815301076,1909f56bfc062723c751e8b465ee728b)
Start importing Assets/Sci-Fi Texture Pack 1/Textures/Texture_4_Specular.png using Guid(886e5b1083649c745af6ae03101ed9aa) Importer(815301076,1909f56bfc062723c751e8b465ee728b)  -> (artifact id: 'afb0007daa4393131944b2a1f34fca05') in 0.039603 seconds 
========================================================================
Received Import Request.
  Time since last request: 0.000046 seconds.
  path: Assets/Sci-Fi Texture Pack 1/Textures/Texture_3_Diffuse.PNG
  artifactKey: Guid(a9b9afdc8b980b3489d42061c898b42a) Importer(815301076,1909f56bfc062723c751e8b465ee728b)
Start importing Assets/Sci-Fi Texture Pack 1/Textures/Texture_3_Diffuse.PNG using Guid(a9b9afdc8b980b3489d42061c898b42a) Importer(815301076,1909f56bfc062723c751e8b465ee728b)  -> (artifact id: '38a9fc4c3ceb43691b717b0bb69f96db') in 0.023058 seconds 
========================================================================
Received Import Request.
  Time since last request: 0.000026 seconds.
  path: Assets/Sci-Fi Texture Pack 1/Textures/Texture_4_Emission.png
  artifactKey: Guid(fbce5130d816ee34f8149c420a6d9101) Importer(815301076,1909f56bfc062723c751e8b465ee728b)
Start importing Assets/Sci-Fi Texture Pack 1/Textures/Texture_4_Emission.png using Guid(fbce5130d816ee34f8149c420a6d9101) Importer(815301076,1909f56bfc062723c751e8b465ee728b)  -> (artifact id: 'b5704a4b51cbec7293f0ea74b045d18d') in 0.023717 seconds 
========================================================================
Received Import Request.
  Time since last request: 0.000034 seconds.
  path: Assets/Sci-Fi Texture Pack 1/Textures/Texture_5_Diffuse.PNG
  artifactKey: Guid(1ec6f7f54ce317a4a95c371373e69da2) Importer(815301076,1909f56bfc062723c751e8b465ee728b)
Start importing Assets/Sci-Fi Texture Pack 1/Textures/Texture_5_Diffuse.PNG using Guid(1ec6f7f54ce317a4a95c371373e69da2) Importer(815301076,1909f56bfc062723c751e8b465ee728b)  -> (artifact id: '3c788d18600229603f6d205aa78d2753') in 0.025584 seconds 
========================================================================
Received Import Request.
  Time since last request: 0.000023 seconds.
  path: Assets/Sci-Fi Texture Pack 1/Textures/Texture_1_Diffuse.png
  artifactKey: Guid(be52f29dd96ae4244b1e3c03ad68e957) Importer(815301076,1909f56bfc062723c751e8b465ee728b)
Start importing Assets/Sci-Fi Texture Pack 1/Textures/Texture_1_Diffuse.png using Guid(be52f29dd96ae4244b1e3c03ad68e957) Importer(815301076,1909f56bfc062723c751e8b465ee728b)  -> (artifact id: 'bb85f58c816ae366411fc979093f501e') in 0.030182 seconds 
========================================================================
Received Import Request.
  Time since last request: 0.000021 seconds.
  path: Assets/Sci-Fi Texture Pack 1/Textures/Texture_2_Diffuse.PNG
  artifactKey: Guid(1397f764c9299b747997e198d80e4312) Importer(815301076,1909f56bfc062723c751e8b465ee728b)
Start importing Assets/Sci-Fi Texture Pack 1/Textures/Texture_2_Diffuse.PNG using Guid(1397f764c9299b747997e198d80e4312) Importer(815301076,1909f56bfc062723c751e8b465ee728b)  -> (artifact id: '6cefeb74eb5e00f26628e248e663338a') in 0.028863 seconds 
========================================================================
Received Import Request.
  Time since last request: 0.000033 seconds.
  path: Assets/Sci-Fi Texture Pack 1/Textures/door_emission.png
  artifactKey: Guid(efafb1c9bfa80e44c877a683383cceb3) Importer(815301076,1909f56bfc062723c751e8b465ee728b)
Start importing Assets/Sci-Fi Texture Pack 1/Textures/door_emission.png using Guid(efafb1c9bfa80e44c877a683383cceb3) Importer(815301076,1909f56bfc062723c751e8b465ee728b)  -> (artifact id: 'c067d8acee54aa5f5fbf5c9597e51c92') in 0.017838 seconds 
========================================================================
Received Import Request.
  Time since last request: 9.815938 seconds.
  path: Assets/Sci-Fi Texture Pack 1/Materials/porte.mat
  artifactKey: Guid(a30a3868ba362b74a93f482ebbe9607a) Importer(815301076,1909f56bfc062723c751e8b465ee728b)
Start importing Assets/Sci-Fi Texture Pack 1/Materials/porte.mat using Guid(a30a3868ba362b74a93f482ebbe9607a) Importer(815301076,1909f56bfc062723c751e8b465ee728b)  -> (artifact id: '0897881c4d9684f80fcf77ed7ebbfa19') in 0.107109 seconds 
========================================================================
Received Import Request.
  Time since last request: 0.000032 seconds.
  path: Assets/Sci-Fi Texture Pack 1/Materials/Texture_2_MaskMap.png
  artifactKey: Guid(e4e513b6f6fa41c4181d4c1ae39d1061) Importer(815301076,1909f56bfc062723c751e8b465ee728b)
Start importing Assets/Sci-Fi Texture Pack 1/Materials/Texture_2_MaskMap.png using Guid(e4e513b6f6fa41c4181d4c1ae39d1061) Importer(815301076,1909f56bfc062723c751e8b465ee728b)  -> (artifact id: 'b7dd8b22893bcc4fcadb26d52d600a84') in 0.018039 seconds 
========================================================================
Received Import Request.
  Time since last request: 0.000023 seconds.
  path: Assets/Sci-Fi Texture Pack 1/Materials/Texture_4 1_MaskMap.png
  artifactKey: Guid(36945e077de25b4469eb8fc199838a21) Importer(815301076,1909f56bfc062723c751e8b465ee728b)
Start importing Assets/Sci-Fi Texture Pack 1/Materials/Texture_4 1_MaskMap.png using Guid(36945e077de25b4469eb8fc199838a21) Importer(815301076,1909f56bfc062723c751e8b465ee728b)  -> (artifact id: '8966e4f91e4727c0206e312ccd047e13') in 0.019556 seconds 
========================================================================
Received Import Request.
  Time since last request: 0.078577 seconds.
  path: Assets/Sci-Fi Texture Pack 1/Materials/Texture_5_MaskMap.png
  artifactKey: Guid(45b271b186890754ab38829ecbb9f0fa) Importer(815301076,1909f56bfc062723c751e8b465ee728b)
Start importing Assets/Sci-Fi Texture Pack 1/Materials/Texture_5_MaskMap.png using Guid(45b271b186890754ab38829ecbb9f0fa) Importer(815301076,1909f56bfc062723c751e8b465ee728b)  -> (artifact id: '6413a2a757a285d44006c131d28cc81d') in 0.025209 seconds 
========================================================================
Received Import Request.
  Time since last request: 71.657348 seconds.
  path: Assets/Sci-Fi Texture Pack 1/Materials/Texture_2.mat
  artifactKey: Guid(9cf5e3868f435794fb6ac9092255642a) Importer(815301076,1909f56bfc062723c751e8b465ee728b)
Start importing Assets/Sci-Fi Texture Pack 1/Materials/Texture_2.mat using Guid(9cf5e3868f435794fb6ac9092255642a) Importer(815301076,1909f56bfc062723c751e8b465ee728b)  -> (artifact id: 'e06cce577534af1a7c0b0c36376cd622') in 0.061178 seconds 
========================================================================
Received Import Request.
  Time since last request: 0.000027 seconds.
  path: Assets/Sci-Fi Texture Pack 1/Materials/Texture_4.mat
  artifactKey: Guid(4283a36cac30c364eb744bc838071691) Importer(815301076,1909f56bfc062723c751e8b465ee728b)
Start importing Assets/Sci-Fi Texture Pack 1/Materials/Texture_4.mat using Guid(4283a36cac30c364eb744bc838071691) Importer(815301076,1909f56bfc062723c751e8b465ee728b)  -> (artifact id: '7a9485c03154f24cd7dca9723869347b') in 0.042063 seconds 
========================================================================
Received Import Request.
  Time since last request: 0.000022 seconds.
  path: Assets/Sci-Fi Texture Pack 1/Materials/Texture_5.mat
  artifactKey: Guid(8aac9c1af5caf8341a4ae0e89cdf3317) Importer(815301076,1909f56bfc062723c751e8b465ee728b)
Start importing Assets/Sci-Fi Texture Pack 1/Materials/Texture_5.mat using Guid(8aac9c1af5caf8341a4ae0e89cdf3317) Importer(815301076,1909f56bfc062723c751e8b465ee728b)  -> (artifact id: 'd86dce1717fb04395082766fce5c7cb2') in 0.037910 seconds 
Editor requested this worker to shutdown with reason: Scaling down because of idle timeout
AssetImportWorker is now disconnected from the server
Process exiting
Exiting without the bug reporter. Application will terminate with return code 0