Using pre-set license
Built from '2021.3/staging' branch; Version is '2021.3.6f1 (7da38d85baf6) revision 8233869'; Using compiler version '192829333'; Build Type 'Release'
OS: 'Windows 11  (10.0.22621) 64bit Core' Language: 'fr' Physical Memory: 16169 MB
BatchMode: 1, IsHumanControllingUs: 0, StartBugReporterOnCrash: 0, Is64bit: 1, IsPro: 1

COMMAND LINE ARGUMENTS:
C:\Program Files\Unity\Hub\Editor\2021.3.6f1\Editor\Unity.exe
-adb2
-batchMode
-noUpm
-name
AssetImportWorker2
-projectPath
C:/Users/Lisa/Desktop/JeuxLancerObjets/PrototypeCoursUnity
-logFile
Logs/AssetImportWorker2.log
-srvPort
58509
Successfully changed project path to: C:/Users/Lisa/Desktop/JeuxLancerObjets/PrototypeCoursUnity
C:/Users/Lisa/Desktop/JeuxLancerObjets/PrototypeCoursUnity
[UnityMemory] Configuration Parameters - Can be set up in boot.config
    "memorysetup-bucket-allocator-granularity=16"
    "memorysetup-bucket-allocator-bucket-count=8"
    "memorysetup-bucket-allocator-block-size=33554432"
    "memorysetup-bucket-allocator-block-count=8"
    "memorysetup-main-allocator-block-size=16777216"
    "memorysetup-thread-allocator-block-size=16777216"
    "memorysetup-gfx-main-allocator-block-size=16777216"
    "memorysetup-gfx-thread-allocator-block-size=16777216"
    "memorysetup-cache-allocator-block-size=4194304"
    "memorysetup-typetree-allocator-block-size=2097152"
    "memorysetup-profiler-bucket-allocator-granularity=16"
    "memorysetup-profiler-bucket-allocator-bucket-count=8"
    "memorysetup-profiler-bucket-allocator-block-size=33554432"
    "memorysetup-profiler-bucket-allocator-block-count=8"
    "memorysetup-profiler-allocator-block-size=16777216"
    "memorysetup-profiler-editor-allocator-block-size=1048576"
    "memorysetup-temp-allocator-size-main=16777216"
    "memorysetup-job-temp-allocator-block-size=2097152"
    "memorysetup-job-temp-allocator-block-size-background=1048576"
    "memorysetup-job-temp-allocator-reduction-small-platforms=262144"
    "memorysetup-temp-allocator-size-background-worker=32768"
    "memorysetup-temp-allocator-size-job-worker=262144"
    "memorysetup-temp-allocator-size-preload-manager=33554432"
    "memorysetup-temp-allocator-size-nav-mesh-worker=65536"
    "memorysetup-temp-allocator-size-audio-worker=65536"
    "memorysetup-temp-allocator-size-cloud-worker=32768"
    "memorysetup-temp-allocator-size-gi-baking-worker=262144"
    "memorysetup-temp-allocator-size-gfx=262144"
Refreshing native plugins compatible for Editor in 131.51 ms, found 4 plugins.
Preloading 0 native plugins for Editor in 0.00 ms.
Initialize engine version: 2021.3.6f1 (7da38d85baf6)
[Subsystems] Discovering subsystems at path C:/Program Files/Unity/Hub/Editor/2021.3.6f1/Editor/Data/Resources/UnitySubsystems
[Subsystems] Discovering subsystems at path C:/Users/Lisa/Desktop/JeuxLancerObjets/PrototypeCoursUnity/Assets
GfxDevice: creating device client; threaded=0; jobified=0
Direct3D:
    Version:  Direct3D 11.0 [level 11.1]
    Renderer: NVIDIA GeForce RTX 2060 (ID=0x1f15)
    Vendor:   NVIDIA
    VRAM:     5980 MB
    Driver:   30.0.15.1278
Initialize mono
Mono path[0] = 'C:/Program Files/Unity/Hub/Editor/2021.3.6f1/Editor/Data/Managed'
Mono path[1] = 'C:/Program Files/Unity/Hub/Editor/2021.3.6f1/Editor/Data/MonoBleedingEdge/lib/mono/unityjit-win32'
Mono config path = 'C:/Program Files/Unity/Hub/Editor/2021.3.6f1/Editor/Data/MonoBleedingEdge/etc'
Using monoOptions --debugger-agent=transport=dt_socket,embedding=1,server=y,suspend=n,address=127.0.0.1:56616
Begin MonoManager ReloadAssembly
Registering precompiled unity dll's ...
Register platform support module: C:/Program Files/Unity/Hub/Editor/2021.3.6f1/Editor/Data/PlaybackEngines/WindowsStandaloneSupport/UnityEditor.WindowsStandalone.Extensions.dll
Registered in 0.005912 seconds.
Native extension for WindowsStandalone target not found
Refreshing native plugins compatible for Editor in 109.56 ms, found 4 plugins.
Preloading 0 native plugins for Editor in 0.00 ms.
Mono: successfully reloaded assembly
- Completed reload, in  0.822 seconds
Domain Reload Profiling:
	ReloadAssembly (822ms)
		BeginReloadAssembly (88ms)
			ExecutionOrderSort (0ms)
			DisableScriptedObjects (0ms)
			BackupInstance (0ms)
			ReleaseScriptingObjects (0ms)
			CreateAndSetChildDomain (1ms)
		EndReloadAssembly (594ms)
			LoadAssemblies (85ms)
			RebuildTransferFunctionScriptingTraits (0ms)
			SetupTypeCache (129ms)
			ReleaseScriptCaches (0ms)
			RebuildScriptCaches (36ms)
			SetupLoadedEditorAssemblies (367ms)
				LogAssemblyErrors (0ms)
				InitializePlatformSupportModulesInManaged (8ms)
				SetLoadedEditorAssemblies (0ms)
				RefreshPlugins (110ms)
				BeforeProcessingInitializeOnLoad (2ms)
				ProcessInitializeOnLoadAttributes (183ms)
				ProcessInitializeOnLoadMethodAttributes (64ms)
				AfterProcessingInitializeOnLoad (0ms)
				EditorAssembliesLoaded (0ms)
			ExecutionOrderSort2 (0ms)
			AwakeInstancesAfterBackupRestoration (0ms)
Platform modules already initialized, skipping
Registering precompiled user dll's ...
Registered in 0.007583 seconds.
Begin MonoManager ReloadAssembly
Symbol file LoadedFromMemory doesn't match image C:\Users\Lisa\Desktop\JeuxLancerObjets\PrototypeCoursUnity\Library\PackageCache\com.unity.visualscripting@1.7.8\Editor\VisualScripting.Core\Dependencies\YamlDotNet\Unity.VisualScripting.YamlDotNet.dll
Symbol file LoadedFromMemory doesn't match image C:\Users\Lisa\Desktop\JeuxLancerObjets\PrototypeCoursUnity\Library\PackageCache\com.unity.visualscripting@1.7.8\Editor\VisualScripting.Core\Dependencies\DotNetZip\Unity.VisualScripting.IonicZip.dll
Native extension for WindowsStandalone target not found
Refreshing native plugins compatible for Editor in 0.74 ms, found 4 plugins.
Preloading 0 native plugins for Editor in 0.00 ms.
Mono: successfully reloaded assembly
- Completed reload, in  1.337 seconds
Domain Reload Profiling:
	ReloadAssembly (1338ms)
		BeginReloadAssembly (133ms)
			ExecutionOrderSort (0ms)
			DisableScriptedObjects (8ms)
			BackupInstance (0ms)
			ReleaseScriptingObjects (0ms)
			CreateAndSetChildDomain (21ms)
		EndReloadAssembly (1060ms)
			LoadAssemblies (102ms)
			RebuildTransferFunctionScriptingTraits (0ms)
			SetupTypeCache (337ms)
			ReleaseScriptCaches (1ms)
			RebuildScriptCaches (72ms)
			SetupLoadedEditorAssemblies (502ms)
				LogAssemblyErrors (0ms)
				InitializePlatformSupportModulesInManaged (6ms)
				SetLoadedEditorAssemblies (1ms)
				RefreshPlugins (1ms)
				BeforeProcessingInitializeOnLoad (121ms)
				ProcessInitializeOnLoadAttributes (333ms)
				ProcessInitializeOnLoadMethodAttributes (32ms)
				AfterProcessingInitializeOnLoad (8ms)
				EditorAssembliesLoaded (0ms)
			ExecutionOrderSort2 (0ms)
			AwakeInstancesAfterBackupRestoration (7ms)
Platform modules already initialized, skipping
========================================================================
Worker process is ready to serve import requests
Launched and connected shader compiler UnityShaderCompiler.exe after 0.05 seconds
Refreshing native plugins compatible for Editor in 0.72 ms, found 4 plugins.
Preloading 0 native plugins for Editor in 0.00 ms.
Unloading 3821 Unused Serialized files (Serialized files now loaded: 0)
Unloading 42 unused Assets / (1.3 MB). Loaded Objects now: 4288.
Memory consumption went from 156.8 MB to 155.4 MB.
Total: 4.677500 ms (FindLiveObjects: 0.326900 ms CreateObjectMapping: 0.336000 ms MarkObjects: 3.720900 ms  DeleteObjects: 0.292800 ms)

AssetImportParameters requested are different than current active one (requested -> active):
  custom:video-decoder-ogg-theora: a1e56fd34408186e4bbccfd4996cb3dc -> 
  custom:container-muxer-webm: aa71ff27fc2769a1b78a27578f13a17b -> 
  custom:container-demuxer-webm: 4f35f7cbe854078d1ac9338744f61a02 -> 
  custom:video-encoder-webm-vp8: eb34c28f22e8b96e1ab97ce403110664 -> 
  custom:video-codec-MediaFoundation-h265: 746d11721c4dcdbdad8f713fa42b33f4 -> 
  custom:audio-encoder-webm-vorbis: bf7c407c2cedff20999df2af8eb42d56 -> 
  custom:framework-win-MediaFoundation: 216162199b28c13a410421893ffa2e32 -> 
  custom:container-demuxer-ogg: 62fdf1f143b41e24485cea50d1cbac27 -> 
  custom:video-decoder-webm-vp8: 9c59270c3fd7afecdb556c50c9e8de78 -> 
  custom:audio-decoder-ogg-vorbis: bf7c407c2cedff20999df2af8eb42d56 -> 
========================================================================
Received Import Request.
  Time since last request: 473.445577 seconds.
  path: Assets/Matérial/ballPink.mat
  artifactKey: Guid(e2c21b504e7a3e440af79550bc24b29c) Importer(815301076,1909f56bfc062723c751e8b465ee728b)
Start importing Assets/Matérial/ballPink.mat using Guid(e2c21b504e7a3e440af79550bc24b29c) Importer(815301076,1909f56bfc062723c751e8b465ee728b)  -> (artifact id: 'c7d2e4c6399454772c6c02c727f9b5e6') in 0.248054 seconds 
========================================================================
Received Import Request.
  Time since last request: 4.199899 seconds.
  path: Assets
  artifactKey: Guid(00000000000000001000000000000000) Importer(815301076,1909f56bfc062723c751e8b465ee728b)
Start importing Assets using Guid(00000000000000001000000000000000) Importer(815301076,1909f56bfc062723c751e8b465ee728b)  -> (artifact id: '79842766b460edbeab6a34051e857a80') in 0.009475 seconds 
========================================================================
Received Import Request.
  Time since last request: 5.989652 seconds.
  path: Assets/Texture
  artifactKey: Guid(40ae043f175d7604b85a07d3f4c6e9e1) Importer(815301076,1909f56bfc062723c751e8b465ee728b)
Start importing Assets/Texture using Guid(40ae043f175d7604b85a07d3f4c6e9e1) Importer(815301076,1909f56bfc062723c751e8b465ee728b)  -> (artifact id: '7b0cbbec695b78e5e81c792b85d09bdc') in 0.006752 seconds 
========================================================================
Received Import Request.
  Time since last request: 143.600812 seconds.
  path: Assets/Texture/Texture_1_Diffuse.png
  artifactKey: Guid(c506126f12f7d7142849fe490512cf77) Importer(815301076,1909f56bfc062723c751e8b465ee728b)
Start importing Assets/Texture/Texture_1_Diffuse.png using Guid(c506126f12f7d7142849fe490512cf77) Importer(815301076,1909f56bfc062723c751e8b465ee728b)  -> (artifact id: 'f3145bd38416ebacaba2daec55048da1') in 0.085076 seconds 
========================================================================
Received Import Request.
  Time since last request: 0.000038 seconds.
  path: Assets/Texture/Texture_3_Diffuse.png
  artifactKey: Guid(176ad5c084fe938448275332372372a7) Importer(815301076,1909f56bfc062723c751e8b465ee728b)
Start importing Assets/Texture/Texture_3_Diffuse.png using Guid(176ad5c084fe938448275332372372a7) Importer(815301076,1909f56bfc062723c751e8b465ee728b)  -> (artifact id: '44a3c475a6458e1bbda476b9b862f376') in 0.018296 seconds 
========================================================================
Received Import Request.
  Time since last request: 0.000040 seconds.
  path: Assets/Texture/Texture_4_Diffuse.png
  artifactKey: Guid(a811bb45dfa84ab48aebddd0953f456a) Importer(815301076,1909f56bfc062723c751e8b465ee728b)
Start importing Assets/Texture/Texture_4_Diffuse.png using Guid(a811bb45dfa84ab48aebddd0953f456a) Importer(815301076,1909f56bfc062723c751e8b465ee728b)  -> (artifact id: 'f9b73ff901de74c879bf104d4df3284e') in 0.020889 seconds 
========================================================================
Received Import Request.
  Time since last request: 0.000032 seconds.
  path: Assets/Texture/Texture_5_Diffuse.png
  artifactKey: Guid(ce332cfb876f49b4c9fb28be03e73f24) Importer(815301076,1909f56bfc062723c751e8b465ee728b)
Start importing Assets/Texture/Texture_5_Diffuse.png using Guid(ce332cfb876f49b4c9fb28be03e73f24) Importer(815301076,1909f56bfc062723c751e8b465ee728b)  -> (artifact id: 'e072d6ee551f6bbe333c74d2064885c9') in 0.017934 seconds 
========================================================================
Received Import Request.
  Time since last request: 0.000024 seconds.
  path: Assets/Texture/Texture_4_Emission.png
  artifactKey: Guid(9778effc63dae3148837e1dda9292250) Importer(815301076,1909f56bfc062723c751e8b465ee728b)
Start importing Assets/Texture/Texture_4_Emission.png using Guid(9778effc63dae3148837e1dda9292250) Importer(815301076,1909f56bfc062723c751e8b465ee728b)  -> (artifact id: '3d275d9056e80bbeaf8950b209301293') in 0.016828 seconds 
========================================================================
Received Import Request.
  Time since last request: 2.575495 seconds.
  path: Assets/Sci-Fi Texture Pack 1/Materials/Texture_2.mat
  artifactKey: Guid(9cf5e3868f435794fb6ac9092255642a) Importer(815301076,1909f56bfc062723c751e8b465ee728b)
Start importing Assets/Sci-Fi Texture Pack 1/Materials/Texture_2.mat using Guid(9cf5e3868f435794fb6ac9092255642a) Importer(815301076,1909f56bfc062723c751e8b465ee728b)  -> (artifact id: 'ccb350381011979df89b4bc37f44d059') in 0.045582 seconds 
========================================================================
Received Import Request.
  Time since last request: 0.000046 seconds.
  path: Assets/Sci-Fi Texture Pack 1/Materials/Texture_4.mat
  artifactKey: Guid(4283a36cac30c364eb744bc838071691) Importer(815301076,1909f56bfc062723c751e8b465ee728b)
Start importing Assets/Sci-Fi Texture Pack 1/Materials/Texture_4.mat using Guid(4283a36cac30c364eb744bc838071691) Importer(815301076,1909f56bfc062723c751e8b465ee728b)  -> (artifact id: '80f0dcbd28a03ac6f9f79aff9f817409') in 0.032951 seconds 
========================================================================
Received Import Request.
  Time since last request: 15.288583 seconds.
  path: Assets/Matérial/Door.mat
  artifactKey: Guid(d142180953fc21849ae82086ba76b266) Importer(815301076,1909f56bfc062723c751e8b465ee728b)
Start importing Assets/Matérial/Door.mat using Guid(d142180953fc21849ae82086ba76b266) Importer(815301076,1909f56bfc062723c751e8b465ee728b)  -> (artifact id: '9271ba6dca54727188f0aee79a2612b2') in 0.024204 seconds 
========================================================================
Received Import Request.
  Time since last request: 0.851777 seconds.
  path: Assets/Prefab/Player.prefab
  artifactKey: Guid(8e4767d0dda26ac428fd4299e4668ae5) Importer(815301076,1909f56bfc062723c751e8b465ee728b)
Start importing Assets/Prefab/Player.prefab using Guid(8e4767d0dda26ac428fd4299e4668ae5) Importer(815301076,1909f56bfc062723c751e8b465ee728b)  -> (artifact id: 'f12b3b25eed819ae842a4b0423c8aa47') in 0.452615 seconds 
========================================================================
Received Import Request.
  Time since last request: 0.019148 seconds.
  path: Assets/Sound/Master.mixer
  artifactKey: Guid(fdd1b093a21297e4d8089b2ef8e9f649) Importer(815301076,1909f56bfc062723c751e8b465ee728b)
Start importing Assets/Sound/Master.mixer using Guid(fdd1b093a21297e4d8089b2ef8e9f649) Importer(815301076,1909f56bfc062723c751e8b465ee728b)  -> (artifact id: 'e29e66f98a9b88c01dc76502054cfb2b') in 0.013070 seconds 
========================================================================
Received Import Request.
  Time since last request: 0.000026 seconds.
  path: Assets/Sound/soundShoot2.wav
  artifactKey: Guid(1a6c5f41f99832c478fd6ab1f48fc160) Importer(815301076,1909f56bfc062723c751e8b465ee728b)
Start importing Assets/Sound/soundShoot2.wav using Guid(1a6c5f41f99832c478fd6ab1f48fc160) Importer(815301076,1909f56bfc062723c751e8b465ee728b)  -> (artifact id: '584314140986e536e29bfe78f35dd12a') in 0.046744 seconds 
========================================================================
Received Import Request.
  Time since last request: 1.974358 seconds.
  path: Assets/Scenes/Menu.unity
  artifactKey: Guid(3f9742dc5f9d9184da30cd5c2ce2a8ea) Importer(815301076,1909f56bfc062723c751e8b465ee728b)
Start importing Assets/Scenes/Menu.unity using Guid(3f9742dc5f9d9184da30cd5c2ce2a8ea) Importer(815301076,1909f56bfc062723c751e8b465ee728b)  -> (artifact id: 'f00dc9e8edf2106f5393ecb6e55f5c1b') in 0.021018 seconds 
========================================================================
Received Import Request.
  Time since last request: 0.501809 seconds.
  path: Assets/Scenes/Niv1.unity
  artifactKey: Guid(9fc0d4010bbf28b4594072e72b8655ab) Importer(815301076,1909f56bfc062723c751e8b465ee728b)
Start importing Assets/Scenes/Niv1.unity using Guid(9fc0d4010bbf28b4594072e72b8655ab) Importer(815301076,1909f56bfc062723c751e8b465ee728b)  -> (artifact id: '123c9cfa37b0f0ad448d40daf04f6b3a') in 0.030329 seconds 
========================================================================
Received Import Request.
  Time since last request: 133.006925 seconds.
  path: Assets/Standard Assets/Effects
  artifactKey: Guid(115d1f9d9bd29064ab981e57c8fc8cdf) Importer(815301076,1909f56bfc062723c751e8b465ee728b)
Start importing Assets/Standard Assets/Effects using Guid(115d1f9d9bd29064ab981e57c8fc8cdf) Importer(815301076,1909f56bfc062723c751e8b465ee728b)  -> (artifact id: '1749c5217f008b449316c874469df2c6') in 0.008911 seconds 
========================================================================
Received Import Request.
  Time since last request: 133.953012 seconds.
  path: Assets/Texture/Texture_2_Diffuse.PNG
  artifactKey: Guid(d6ba0f8c671bb4945bd4c4975e1e7431) Importer(815301076,1909f56bfc062723c751e8b465ee728b)
Start importing Assets/Texture/Texture_2_Diffuse.PNG using Guid(d6ba0f8c671bb4945bd4c4975e1e7431) Importer(815301076,1909f56bfc062723c751e8b465ee728b)  -> (artifact id: '222f71aaae9b190bccfc369ca93b3b61') in 0.019669 seconds 
========================================================================
Received Import Request.
  Time since last request: 0.000040 seconds.
  path: Assets/Texture/Texture_4_Diffuse.PNG
  artifactKey: Guid(a811bb45dfa84ab48aebddd0953f456a) Importer(815301076,1909f56bfc062723c751e8b465ee728b)
Start importing Assets/Texture/Texture_4_Diffuse.PNG using Guid(a811bb45dfa84ab48aebddd0953f456a) Importer(815301076,1909f56bfc062723c751e8b465ee728b)  -> (artifact id: 'eeb3730c2c1b27c5c13f45f52a9ca2c2') in 0.023253 seconds 
========================================================================
Received Import Request.
  Time since last request: 0.000042 seconds.
  path: Assets/Texture/Texture_5_Diffuse.PNG
  artifactKey: Guid(ce332cfb876f49b4c9fb28be03e73f24) Importer(815301076,1909f56bfc062723c751e8b465ee728b)
Start importing Assets/Texture/Texture_5_Diffuse.PNG using Guid(ce332cfb876f49b4c9fb28be03e73f24) Importer(815301076,1909f56bfc062723c751e8b465ee728b)  -> (artifact id: '188cefed0588e8c6bebb97d838ec6c41') in 0.025056 seconds 
========================================================================
Received Import Request.
  Time since last request: 109.847233 seconds.
  path: Assets/Texture/door.png
  artifactKey: Guid(cd736fff9f1a8c546b6d2ebb9b711317) Importer(815301076,1909f56bfc062723c751e8b465ee728b)
Start importing Assets/Texture/door.png using Guid(cd736fff9f1a8c546b6d2ebb9b711317) Importer(815301076,1909f56bfc062723c751e8b465ee728b)  -> (artifact id: 'd160599016e3b2faf26828160caa8699') in 0.019021 seconds 
========================================================================
Received Import Request.
  Time since last request: 6.406060 seconds.
  path: Assets/Matérial
  artifactKey: Guid(d60bebff3a612094894a7820b18ec6e1) Importer(815301076,1909f56bfc062723c751e8b465ee728b)
Start importing Assets/Matérial using Guid(d60bebff3a612094894a7820b18ec6e1) Importer(815301076,1909f56bfc062723c751e8b465ee728b)  -> (artifact id: 'f106a30d592bd2c436a5befbec1d1d99') in 0.025133 seconds 
========================================================================
Received Import Request.
  Time since last request: 2.878297 seconds.
  path: Assets/Matérial/MAP
  artifactKey: Guid(feeab2895b1b6af439f650f08c40afb4) Importer(815301076,1909f56bfc062723c751e8b465ee728b)
Start importing Assets/Matérial/MAP using Guid(feeab2895b1b6af439f650f08c40afb4) Importer(815301076,1909f56bfc062723c751e8b465ee728b)  -> (artifact id: 'ae9cfec736fe38c33bfb989d7a4934d9') in 0.010376 seconds 
========================================================================
Received Import Request.
  Time since last request: 4.960629 seconds.
  path: Assets/Matérial/MAP/Door.mat
  artifactKey: Guid(c3f243f6fc4ac514c82c53dc656dd0f3) Importer(815301076,1909f56bfc062723c751e8b465ee728b)
Start importing Assets/Matérial/MAP/Door.mat using Guid(c3f243f6fc4ac514c82c53dc656dd0f3) Importer(815301076,1909f56bfc062723c751e8b465ee728b)  -> (artifact id: 'd73f7a05a4c1d08ae6bf91b6a7d49b21') in 0.045881 seconds 
========================================================================
Received Prepare
Registering precompiled user dll's ...
Registered in 0.008519 seconds.
Begin MonoManager ReloadAssembly
Symbol file LoadedFromMemory doesn't match image C:\Users\Lisa\Desktop\JeuxLancerObjets\PrototypeCoursUnity\Library\PackageCache\com.unity.visualscripting@1.7.8\Editor\VisualScripting.Core\Dependencies\YamlDotNet\Unity.VisualScripting.YamlDotNet.dll
Symbol file LoadedFromMemory doesn't match image C:\Users\Lisa\Desktop\JeuxLancerObjets\PrototypeCoursUnity\Library\PackageCache\com.unity.visualscripting@1.7.8\Editor\VisualScripting.Core\Dependencies\DotNetZip\Unity.VisualScripting.IonicZip.dll
Native extension for WindowsStandalone target not found
Refreshing native plugins compatible for Editor in 1.27 ms, found 4 plugins.
Preloading 0 native plugins for Editor in 0.00 ms.
Mono: successfully reloaded assembly
- Completed reload, in  1.481 seconds
Domain Reload Profiling:
	ReloadAssembly (1482ms)
		BeginReloadAssembly (168ms)
			ExecutionOrderSort (0ms)
			DisableScriptedObjects (5ms)
			BackupInstance (0ms)
			ReleaseScriptingObjects (0ms)
			CreateAndSetChildDomain (49ms)
		EndReloadAssembly (1180ms)
			LoadAssemblies (108ms)
			RebuildTransferFunctionScriptingTraits (0ms)
			SetupTypeCache (401ms)
			ReleaseScriptCaches (2ms)
			RebuildScriptCaches (81ms)
			SetupLoadedEditorAssemblies (512ms)
				LogAssemblyErrors (0ms)
				InitializePlatformSupportModulesInManaged (15ms)
				SetLoadedEditorAssemblies (1ms)
				RefreshPlugins (1ms)
				BeforeProcessingInitializeOnLoad (104ms)
				ProcessInitializeOnLoadAttributes (339ms)
				ProcessInitializeOnLoadMethodAttributes (43ms)
				AfterProcessingInitializeOnLoad (9ms)
				EditorAssembliesLoaded (0ms)
			ExecutionOrderSort2 (0ms)
			AwakeInstancesAfterBackupRestoration (10ms)
Platform modules already initialized, skipping
Refreshing native plugins compatible for Editor in 3.65 ms, found 4 plugins.
Preloading 0 native plugins for Editor in 0.00 ms.
Unloading 3768 Unused Serialized files (Serialized files now loaded: 0)
Unloading 35 unused Assets / (1.3 MB). Loaded Objects now: 4335.
Memory consumption went from 169.2 MB to 167.9 MB.
Total: 4.674500 ms (FindLiveObjects: 0.354200 ms CreateObjectMapping: 0.263200 ms MarkObjects: 3.779700 ms  DeleteObjects: 0.276200 ms)

AssetImportParameters requested are different than current active one (requested -> active):
  custom:video-decoder-ogg-theora: a1e56fd34408186e4bbccfd4996cb3dc -> 
  custom:container-muxer-webm: aa71ff27fc2769a1b78a27578f13a17b -> 
  custom:container-demuxer-webm: 4f35f7cbe854078d1ac9338744f61a02 -> 
  custom:video-encoder-webm-vp8: eb34c28f22e8b96e1ab97ce403110664 -> 
  custom:video-codec-MediaFoundation-h265: 746d11721c4dcdbdad8f713fa42b33f4 -> 
  custom:audio-encoder-webm-vorbis: bf7c407c2cedff20999df2af8eb42d56 -> 
  custom:framework-win-MediaFoundation: 216162199b28c13a410421893ffa2e32 -> 
  custom:container-demuxer-ogg: 62fdf1f143b41e24485cea50d1cbac27 -> 
  custom:video-decoder-webm-vp8: 9c59270c3fd7afecdb556c50c9e8de78 -> 
  custom:audio-decoder-ogg-vorbis: bf7c407c2cedff20999df2af8eb42d56 -> 
========================================================================
Received Import Request.
  Time since last request: 53.170978 seconds.
  path: Assets/Matérial/MAP/Texture1.mat
  artifactKey: Guid(22f1aa3d60f6f9a498a9cc0b88dcae6a) Importer(815301076,1909f56bfc062723c751e8b465ee728b)
Start importing Assets/Matérial/MAP/Texture1.mat using Guid(22f1aa3d60f6f9a498a9cc0b88dcae6a) Importer(815301076,1909f56bfc062723c751e8b465ee728b)  -> (artifact id: '1312a979081459299ff19e8a9d87f0c4') in 0.104148 seconds 
========================================================================
Received Import Request.
  Time since last request: 1.801897 seconds.
  path: Assets/Matérial/MAP/Door.mat
  artifactKey: Guid(c3f243f6fc4ac514c82c53dc656dd0f3) Importer(815301076,1909f56bfc062723c751e8b465ee728b)
Start importing Assets/Matérial/MAP/Door.mat using Guid(c3f243f6fc4ac514c82c53dc656dd0f3) Importer(815301076,1909f56bfc062723c751e8b465ee728b)  -> (artifact id: 'e1a756037997499e4d7b20e6c78edfbb') in 0.017089 seconds 
========================================================================
Received Import Request.
  Time since last request: 0.782107 seconds.
  path: Assets/Matérial/MAP/Texture1 2.mat
  artifactKey: Guid(ae238e79598b47149b64f6915cbfaaaa) Importer(815301076,1909f56bfc062723c751e8b465ee728b)
Start importing Assets/Matérial/MAP/Texture1 2.mat using Guid(ae238e79598b47149b64f6915cbfaaaa) Importer(815301076,1909f56bfc062723c751e8b465ee728b)  -> (artifact id: '4b3003ee0dbc08c1bd6710db95ab7ca1') in 0.018074 seconds 
========================================================================
Received Import Request.
  Time since last request: 0.587920 seconds.
  path: Assets/Matérial/MAP/Texture1 3.mat
  artifactKey: Guid(9d644a4a4906b8945a6f15a72d0d727f) Importer(815301076,1909f56bfc062723c751e8b465ee728b)
Start importing Assets/Matérial/MAP/Texture1 3.mat using Guid(9d644a4a4906b8945a6f15a72d0d727f) Importer(815301076,1909f56bfc062723c751e8b465ee728b)  -> (artifact id: '7c32c4ad2c72c84a93c272f914a79d56') in 0.018004 seconds 
========================================================================
Received Import Request.
  Time since last request: 0.533680 seconds.
  path: Assets/Matérial/MAP/Texture1 4.mat
  artifactKey: Guid(5a93b19b92a69a842bf6588e88db6ff4) Importer(815301076,1909f56bfc062723c751e8b465ee728b)
Start importing Assets/Matérial/MAP/Texture1 4.mat using Guid(5a93b19b92a69a842bf6588e88db6ff4) Importer(815301076,1909f56bfc062723c751e8b465ee728b)  -> (artifact id: 'bdd7f858c7e74ef63375370f09bbb183') in 0.022886 seconds 
========================================================================
Received Import Request.
  Time since last request: 5.363772 seconds.
  path: Assets/Matérial/MAP/Texture2.mat
  artifactKey: Guid(5e37f2b50732a06458dbb3fe14ef1b30) Importer(815301076,1909f56bfc062723c751e8b465ee728b)
Start importing Assets/Matérial/MAP/Texture2.mat using Guid(5e37f2b50732a06458dbb3fe14ef1b30) Importer(815301076,1909f56bfc062723c751e8b465ee728b)  -> (artifact id: 'be8981364221abd7489f1f9839d483d5') in 0.018446 seconds 
========================================================================
Received Import Request.
  Time since last request: 5.467379 seconds.
  path: Assets/Matérial/MAP/Texture3.mat
  artifactKey: Guid(ae238e79598b47149b64f6915cbfaaaa) Importer(815301076,1909f56bfc062723c751e8b465ee728b)
Start importing Assets/Matérial/MAP/Texture3.mat using Guid(ae238e79598b47149b64f6915cbfaaaa) Importer(815301076,1909f56bfc062723c751e8b465ee728b)  -> (artifact id: '5b9ca467f8fe77d95122706acde900a1') in 0.020801 seconds 
========================================================================
Received Import Request.
  Time since last request: 3.695876 seconds.
  path: Assets/Matérial/MAP/Texture4.mat
  artifactKey: Guid(9d644a4a4906b8945a6f15a72d0d727f) Importer(815301076,1909f56bfc062723c751e8b465ee728b)
Start importing Assets/Matérial/MAP/Texture4.mat using Guid(9d644a4a4906b8945a6f15a72d0d727f) Importer(815301076,1909f56bfc062723c751e8b465ee728b)  -> (artifact id: '3b69196074eafda2e04db2e8ce18394e') in 0.015804 seconds 
========================================================================
Received Import Request.
  Time since last request: 3.273745 seconds.
  path: Assets/Matérial/MAP/Texture5.mat
  artifactKey: Guid(5a93b19b92a69a842bf6588e88db6ff4) Importer(815301076,1909f56bfc062723c751e8b465ee728b)
Start importing Assets/Matérial/MAP/Texture5.mat using Guid(5a93b19b92a69a842bf6588e88db6ff4) Importer(815301076,1909f56bfc062723c751e8b465ee728b)  -> (artifact id: '2bb7691b5b8a5a50ac33ff71e1108fe4') in 0.015473 seconds 
========================================================================
Received Import Request.
  Time since last request: 258.492168 seconds.
  path: Assets/Matérial/MAP/Glass.mat
  artifactKey: Guid(8e8d51f017ff8614da490297727ef259) Importer(815301076,1909f56bfc062723c751e8b465ee728b)
Start importing Assets/Matérial/MAP/Glass.mat using Guid(8e8d51f017ff8614da490297727ef259) Importer(815301076,1909f56bfc062723c751e8b465ee728b)  -> (artifact id: 'b3dfd36eb139fd887464cdf2778082ad') in 0.017130 seconds 
========================================================================
Received Import Request.
  Time since last request: 74.739444 seconds.
  path: Assets/Matérial/MAP/Glass.mat
  artifactKey: Guid(8e8d51f017ff8614da490297727ef259) Importer(815301076,1909f56bfc062723c751e8b465ee728b)
Start importing Assets/Matérial/MAP/Glass.mat using Guid(8e8d51f017ff8614da490297727ef259) Importer(815301076,1909f56bfc062723c751e8b465ee728b)  -> (artifact id: '82d985673104a44ed5537a1f013a656f') in 0.021712 seconds 
========================================================================
Received Import Request.
  Time since last request: 0.000030 seconds.
  path: Assets/Matérial/MAP/Texture4.mat
  artifactKey: Guid(9d644a4a4906b8945a6f15a72d0d727f) Importer(815301076,1909f56bfc062723c751e8b465ee728b)
Start importing Assets/Matérial/MAP/Texture4.mat using Guid(9d644a4a4906b8945a6f15a72d0d727f) Importer(815301076,1909f56bfc062723c751e8b465ee728b)  -> (artifact id: '937beedbfcf371a887c33234a7c85b93') in 0.031642 seconds 
========================================================================
Received Import Request.
  Time since last request: 0.000029 seconds.
  path: Assets/Matérial/MAP/Texture3.mat
  artifactKey: Guid(ae238e79598b47149b64f6915cbfaaaa) Importer(815301076,1909f56bfc062723c751e8b465ee728b)
Start importing Assets/Matérial/MAP/Texture3.mat using Guid(ae238e79598b47149b64f6915cbfaaaa) Importer(815301076,1909f56bfc062723c751e8b465ee728b)  -> (artifact id: 'cdf83b71a88aa589a7b6302fffa6492f') in 0.027433 seconds 
Editor requested this worker to shutdown with reason: Scaling down because of idle timeout
AssetImportWorker is now disconnected from the server
Process exiting
Exiting without the bug reporter. Application will terminate with return code 0